<?xml version="1.0" encoding="UTF-8"?>
<testng-results ignored="0" total="4" passed="4" failed="0" skipped="0">
  <reporter-output>
  </reporter-output>
  <suite started-at="2025-07-12T15:16:56 PKT" name="Suite" finished-at="2025-07-12T15:17:02 PKT" duration-ms="6236">
    <groups>
    </groups>
    <test started-at="2025-07-12T15:16:56 PKT" name="Test" finished-at="2025-07-12T15:17:00 PKT" duration-ms="4409">
      <class name="APIChaining.CreateUser">
        <test-method signature="createUserWithApiKey(org.testng.ITestContext)[pri:0, instance:APIChaining.CreateUser@14cd1699]" started-at="2025-07-12T15:16:56 PKT" name="createUserWithApiKey" finished-at="2025-07-12T15:17:00 PKT" duration-ms="4340" status="PASS">
          <params>
            <param index="0">
              <value>
                <![CDATA[org.testng.TestRunner@2abf4075]]>
              </value>
            </param>
          </params>
          <reporter-output>
          </reporter-output>
        </test-method> <!-- createUserWithApiKey -->
      </class> <!-- APIChaining.CreateUser -->
    </test> <!-- Test -->
    <test started-at="2025-07-12T15:17:00 PKT" name="Test2" finished-at="2025-07-12T15:17:01 PKT" duration-ms="609">
      <class name="APIChaining.GetUser">
        <test-method signature="getUsers(org.testng.ITestContext)[pri:0, instance:APIChaining.GetUser@26794848]" started-at="2025-07-12T15:17:00 PKT" name="getUsers" finished-at="2025-07-12T15:17:01 PKT" duration-ms="599" status="PASS">
          <params>
            <param index="0">
              <value>
                <![CDATA[org.testng.TestRunner@6dca31eb]]>
              </value>
            </param>
          </params>
          <reporter-output>
          </reporter-output>
        </test-method> <!-- getUsers -->
      </class> <!-- APIChaining.GetUser -->
    </test> <!-- Test2 -->
    <test started-at="2025-07-12T15:17:01 PKT" name="Test3" finished-at="2025-07-12T15:17:01 PKT" duration-ms="586">
      <class name="APIChaining.UpdateUser">
        <test-method signature="updateUser(org.testng.ITestContext)[pri:0, instance:APIChaining.UpdateUser@2cd76f31]" started-at="2025-07-12T15:17:01 PKT" name="updateUser" finished-at="2025-07-12T15:17:01 PKT" duration-ms="572" status="PASS">
          <params>
            <param index="0">
              <value>
                <![CDATA[org.testng.TestRunner@697a0948]]>
              </value>
            </param>
          </params>
          <reporter-output>
          </reporter-output>
        </test-method> <!-- updateUser -->
      </class> <!-- APIChaining.UpdateUser -->
    </test> <!-- Test3 -->
    <test started-at="2025-07-12T15:17:01 PKT" name="Test4" finished-at="2025-07-12T15:17:02 PKT" duration-ms="547">
      <class name="APIChaining.DeleteUser">
        <test-method signature="deleteUser(org.testng.ITestContext)[pri:0, instance:APIChaining.DeleteUser@fbd1f6]" started-at="2025-07-12T15:17:01 PKT" name="deleteUser" finished-at="2025-07-12T15:17:02 PKT" duration-ms="538" status="PASS">
          <params>
            <param index="0">
              <value>
                <![CDATA[org.testng.TestRunner@61037caf]]>
              </value>
            </param>
          </params>
          <reporter-output>
          </reporter-output>
        </test-method> <!-- deleteUser -->
      </class> <!-- APIChaining.DeleteUser -->
    </test> <!-- Test4 -->
  </suite> <!-- Suite -->
</testng-results>
