<?xml version="1.0" encoding="UTF-8"?>
<testng-results ignored="0" total="1" passed="1" failed="0" skipped="0">
  <reporter-output>
  </reporter-output>
  <suite started-at="2025-06-16T02:04:12 PKT" name="Default suite" finished-at="2025-06-16T02:04:15 PKT" duration-ms="3099">
    <groups>
    </groups>
    <test started-at="2025-06-16T02:04:12 PKT" name="Default test" finished-at="2025-06-16T02:04:15 PKT" duration-ms="3099">
      <class name="RestAssuredAPI.RestAssuredAPI.LoggingTest">
        <test-method signature="testLogs()[pri:1, instance:RestAssuredAPI.RestAssuredAPI.LoggingTest@a1153bc]" started-at="2025-06-16T02:04:12 PKT" name="testLogs" finished-at="2025-06-16T02:04:15 PKT" duration-ms="3035" status="PASS">
          <reporter-output>
          </reporter-output>
        </test-method> <!-- testLogs -->
      </class> <!-- RestAssuredAPI.RestAssuredAPI.LoggingTest -->
    </test> <!-- Default test -->
  </suite> <!-- Default suite -->
</testng-results>
